Arguments: 
  /home/luispaulopinto/.nvm/versions/node/v14.15.0/bin/node /mnt/c/nodejs/node_modules/yarn/bin/yarn.js

PATH: 
  /home/luispaulopinto/.serverless/bin:/home/luispaulopinto/.vscode-server/bin/054a9295330880ed74ceaedda236253b4f39a335/bin:/home/luispaulopinto/.serverless/bin:/home/luispaulopinto/.zinit/polaris/sbin:/home/luispaulopinto/.zinit/polaris/bin:/home/luispaulopinto/.zinit/polaris/usr/sbin:/home/luispaulopinto/.zinit/polaris/usr/bin:/home/luispaulopinto/.nvm/versions/node/v14.15.0/bin:/usr/local/sbin:/usr/local/bin:/usr/sbin:/usr/bin:/sbin:/bin:/usr/games:/usr/local/games:/mnt/c/tools/Cmder/vendor/conemu-maximus5/ConEmu/Scripts:/mnt/c/tools/Cmder/vendor/conemu-maximus5:/mnt/c/tools/Cmder/vendor/conemu-maximus5/ConEmu:/mnt/c/Python27/:/mnt/c/Python27/Scripts:/mnt/c/Program Files (x86)/Microsoft SDKs/Azure/CLI2/wbin:/mnt/c/Windows/system32:/mnt/c/Windows:/mnt/c/Windows/System32/Wbem:/mnt/c/Windows/System32/WindowsPowerShell/v1.0/:/mnt/c/Windows/System32/OpenSSH/:/mnt/c/Program Files (x86)/NVIDIA Corporation/PhysX/Common:/mnt/c/Program Files/NVIDIA Corporation/NVIDIA NvDLISR:/mnt/c/Program Files (x86)/Microsoft SQL Server/150/DTS/Binn/:/mnt/c/Users/Paulo/AppData/Roaming/nvm:/mnt/c/nodejs:/mnt/c/Program Files/dotnet/:/mnt/c/Program Files/Microsoft SQL Server/130/Tools/Binn/:/mnt/c/Program Files/Git/cmd:/mnt/c/ProgramData/chocolatey/bin:/mnt/c/Android/Sdk/emulator:/mnt/c/Android/Sdk/tools:/mnt/c/Android/Sdk/tools/bin:/mnt/c/Android/Sdk/platform-tools:/mnt/c/Program Files/Java/jdk1.8.0_211/bin:/mnt/c/WINDOWS/system32:/mnt/c/WINDOWS:/mnt/c/WINDOWS/System32/Wbem:/mnt/c/WINDOWS/System32/WindowsPowerShell/v1.0/:/mnt/c/WINDOWS/System32/OpenSSH/:/mnt/c/Program Files/Docker/Docker/resources/bin:/mnt/c/ProgramData/DockerDesktop/version-bin:/mnt/c/Users/Paulo/AppData/Local/Microsoft/WindowsApps:/mnt/c/Users/Paulo/AppData/Local/Programs/Microsoft VS Code/bin:/mnt/c/tools/Cmder:/mnt/c/Users/Paulo/AppData/Local/Yarn/bin:/mnt/c/Flipper/Watchman/bin:/mnt/c/Program Files/OpenSSL-Win64/bin:/mnt/c/Program Files (x86)/Google/Chrome/Application:/snap/bin:/mnt/c/Android/Sdk/emulator:/mnt/c/Android/Sdk/tools:/mnt/c/Android/Sdk/tools/bin:/mnt/c/Android/Sdk/platform-tools:/mnt/c/Android/Sdk/emulator:/mnt/c/Android/Sdk/tools:/mnt/c/Android/Sdk/tools/bin:/mnt/c/Android/Sdk/platform-tools

Yarn version: 
  1.22.4

Node version: 
  14.15.0

Platform: 
  linux x64

Trace: 
  SyntaxError: /home/luispaulopinto/Projetos_linux/rocketseat/ignite/node/ignitecertificate/package.json: Unexpected token } in JSON at position 737
      at JSON.parse (<anonymous>)
      at /mnt/c/Users/Paulo/AppData/Roaming/nvm/v13.11.0/node_modules/yarn/lib/cli.js:1625:59
      at Generator.next (<anonymous>)
      at step (/mnt/c/Users/Paulo/AppData/Roaming/nvm/v13.11.0/node_modules/yarn/lib/cli.js:310:30)
      at /mnt/c/Users/Paulo/AppData/Roaming/nvm/v13.11.0/node_modules/yarn/lib/cli.js:321:13

npm manifest: 
  {
    "name": "ignitecertificate",
    "version": "1.0.0",
    "description": "Serverless aws-nodejs-typescript template",
    "scripts": {
    },
     "dependencies": {
      "@middy/core": "^1.5.2",
      "@middy/http-json-body-parser": "^1.5.2",
      "source-map-support": "^0.5.19"
    },
    "devDependencies": {
      "@serverless/typescript": "^2.23.0",
      "@types/aws-lambda": "^8.10.71",
      "@types/node": "^14.14.25",
      "json-schema-to-ts": "^1.5.0",
      "serverless": "^2.23.0",
      "serverless-webpack": "^5.3.5",
      "ts-loader": "^8.0.15",
      "ts-node": "^9.1.1",
      "tsconfig-paths": "^3.9.0",
      "tsconfig-paths-webpack-plugin": "^3.3.0",
      "typescript": "^4.1.3",
      "webpack": "^5.20.2",
      "webpack-node-externals": "^2.5.2"
    },
  }

yarn manifest: 
  No manifest

Lockfile: 
  No lockfile
